TN:
SF:/home/catarino/Calindra/super-app-bff/src/clients/HttpClientImpl.ts
FN:7,(anonymous_1)
FN:11,(anonymous_2)
FN:13,(anonymous_3)
FN:14,(anonymous_4)
FN:17,(anonymous_5)
FN:19,(anonymous_6)
FN:20,(anonymous_7)
FN:23,(anonymous_8)
FNF:8
FNH:4
FNDA:9,(anonymous_1)
FNDA:7,(anonymous_2)
FNDA:3,(anonymous_3)
FNDA:2,(anonymous_4)
FNDA:0,(anonymous_5)
FNDA:0,(anonymous_6)
FNDA:0,(anonymous_7)
FNDA:0,(anonymous_8)
DA:2,3
DA:4,3
DA:8,9
DA:11,9
DA:12,7
DA:13,3
DA:14,2
DA:17,9
DA:18,0
DA:19,0
DA:20,0
DA:24,0
LF:12
LH:8
BRF:0
BRH:0
end_of_record
TN:
SF:/home/catarino/Calindra/super-app-bff/src/clients/auth/AuthenticationClient.ts
FN:9,(anonymous_0)
FN:14,(anonymous_1)
FN:17,(anonymous_2)
FN:18,(anonymous_3)
FNF:4
FNH:4
FNDA:7,(anonymous_0)
FNDA:6,(anonymous_1)
FNDA:2,(anonymous_2)
FNDA:2,(anonymous_3)
DA:3,2
DA:5,2
DA:10,7
DA:11,7
DA:14,7
DA:15,6
DA:17,2
DA:18,2
LF:8
LH:8
BRF:0
BRH:0
end_of_record
TN:
SF:/home/catarino/Calindra/super-app-bff/src/clients/auth/request/AuthenticationRequest.ts
FN:6,(anonymous_0)
FNF:1
FNH:1
FNDA:6,(anonymous_0)
DA:1,2
DA:7,6
DA:8,6
DA:9,6
LF:4
LH:4
BRF:0
BRH:0
end_of_record
TN:
SF:/home/catarino/Calindra/super-app-bff/src/clients/auth/response/AuthenticationResponse.ts
FN:6,(anonymous_0)
FN:12,(anonymous_1)
FN:16,(anonymous_2)
FN:20,(anonymous_3)
FNF:4
FNH:4
FNDA:2,(anonymous_0)
FNDA:2,(anonymous_1)
FNDA:4,(anonymous_2)
FNDA:4,(anonymous_3)
DA:1,2
DA:7,2
DA:8,2
DA:9,2
DA:13,2
DA:17,4
DA:21,4
LF:7
LH:7
BRF:0
BRH:0
end_of_record
TN:
SF:/home/catarino/Calindra/super-app-bff/src/clients/payment/PaymentClient.ts
FN:9,(anonymous_0)
FN:13,(anonymous_1)
FN:16,(anonymous_2)
FNF:3
FNH:3
FNDA:2,(anonymous_0)
FNDA:1,(anonymous_1)
FNDA:1,(anonymous_2)
DA:3,1
DA:5,1
DA:6,2
DA:10,2
DA:13,2
DA:14,1
DA:16,1
LF:7
LH:7
BRF:0
BRH:0
end_of_record
TN:
SF:/home/catarino/Calindra/super-app-bff/src/clients/payment/request/PaymentRequest.ts
FN:11,(anonymous_0)
FNF:1
FNH:1
FNDA:1,(anonymous_0)
DA:1,1
DA:21,1
DA:22,1
DA:23,1
DA:24,1
DA:25,1
DA:26,1
DA:27,1
DA:28,1
LF:9
LH:9
BRF:0
BRH:0
end_of_record
TN:
SF:/home/catarino/Calindra/super-app-bff/src/clients/payment/response/PaymentResponse.ts
FN:6,(anonymous_0)
FN:12,(anonymous_1)
FN:16,(anonymous_2)
FN:20,(anonymous_3)
FNF:4
FNH:4
FNDA:1,(anonymous_0)
FNDA:1,(anonymous_1)
FNDA:1,(anonymous_2)
FNDA:1,(anonymous_3)
DA:1,1
DA:7,1
DA:8,1
DA:9,1
DA:13,1
DA:17,1
DA:21,1
LF:7
LH:7
BRF:0
BRH:0
end_of_record
TN:
SF:/home/catarino/Calindra/super-app-bff/src/services/auth/AuthenticationService.ts
FN:10,(anonymous_0)
FN:14,(anonymous_1)
FN:16,(anonymous_2)
FN:20,(anonymous_3)
FN:23,(anonymous_4)
FNF:5
FNH:5
FNDA:4,(anonymous_0)
FNDA:6,(anonymous_1)
FNDA:3,(anonymous_2)
FNDA:3,(anonymous_3)
FNDA:6,(anonymous_4)
DA:3,1
DA:6,1
DA:7,4
DA:11,4
DA:14,4
DA:15,6
DA:17,3
DA:18,3
DA:20,3
DA:23,4
DA:24,6
DA:25,3
DA:28,3
LF:13
LH:13
BRDA:24,0,0,3
BRDA:24,0,1,3
BRDA:24,1,0,6
BRDA:24,1,1,5
BRDA:24,1,2,4
BRF:5
BRH:5
end_of_record
TN:
SF:/home/catarino/Calindra/super-app-bff/src/services/payment/PaymentService.ts
FN:9,(anonymous_0)
FN:12,(anonymous_1)
FN:14,(anonymous_2)
FN:27,(anonymous_3)
FN:31,(anonymous_4)
FNF:5
FNH:5
FNDA:2,(anonymous_0)
FNDA:5,(anonymous_1)
FNDA:1,(anonymous_2)
FNDA:4,(anonymous_3)
FNDA:5,(anonymous_4)
DA:3,1
DA:6,1
DA:10,2
DA:12,2
DA:13,5
DA:15,1
DA:25,1
DA:27,4
DA:31,2
DA:32,5
DA:33,1
DA:35,4
LF:12
LH:12
BRDA:32,0,0,1
BRDA:32,0,1,4
BRDA:32,1,0,5
BRDA:32,1,1,4
BRDA:32,1,2,3
BRDA:32,1,3,2
BRF:6
BRH:6
end_of_record
TN:
SF:/home/catarino/Calindra/super-app-bff/src/vo/AuthenticationVO.ts
FN:7,(anonymous_0)
FN:13,(anonymous_1)
FN:17,(anonymous_2)
FN:21,(anonymous_3)
FNF:4
FNH:4
FNDA:6,(anonymous_0)
FNDA:9,(anonymous_1)
FNDA:8,(anonymous_2)
FNDA:7,(anonymous_3)
DA:2,1
DA:8,6
DA:9,6
DA:10,6
DA:14,9
DA:18,8
DA:22,7
LF:7
LH:7
BRF:0
BRH:0
end_of_record
TN:
SF:/home/catarino/Calindra/super-app-bff/src/vo/PaymentVO.ts
FN:11,(anonymous_0)
FN:22,(anonymous_1)
FN:26,(anonymous_2)
FN:30,(anonymous_3)
FN:34,(anonymous_4)
FN:38,(anonymous_5)
FN:42,(anonymous_6)
FN:46,(anonymous_7)
FN:50,(anonymous_8)
FNF:9
FNH:9
FNDA:5,(anonymous_0)
FNDA:6,(anonymous_1)
FNDA:5,(anonymous_2)
FNDA:4,(anonymous_3)
FNDA:1,(anonymous_4)
FNDA:3,(anonymous_5)
FNDA:1,(anonymous_6)
FNDA:1,(anonymous_7)
FNDA:1,(anonymous_8)
DA:1,1
DA:12,5
DA:13,5
DA:14,5
DA:15,5
DA:16,5
DA:17,5
DA:18,5
DA:19,5
DA:23,6
DA:27,5
DA:31,4
DA:35,1
DA:39,3
DA:43,1
DA:47,1
DA:51,1
LF:17
LH:17
BRF:0
BRH:0
end_of_record
